#
# A fatal error has been detected by the Java Runtime Environment:
#
#  EXCEPTION_ACCESS_VIOLATION (0xc0000005) at pc=0x0000000068f02404, pid=14492, tid=17972
#
# JRE version: 7.0_21-b11
# Java VM: Java HotSpot(TM) 64-Bit Server VM (23.21-b01 mixed mode windows-amd64 compressed oops)
# Problematic frame:
# C  [fontmanager.dll+0x12404]  Java_sun_font_FileFontStrike__1getGlyphImageFromWindows+0xe838
#
# Failed to write core dump. Minidumps are not enabled by default on client versions of Windows
#
# If you would like to submit a bug report, please visit:
#   http://bugreport.sun.com/bugreport/crash.jsp
# The crash happened outside the Java Virtual Machine in native code.
# See problematic frame for where to report the bug.
#

---------------  T H R E A D  ---------------

Current thread (0x000000000e74e000):  JavaThread "AWT-EventQueue-0" [_thread_in_native, id=17972, stack(0x000000000f2b0000,0x000000000f3b0000)]

siginfo: ExceptionCode=0xc0000005, reading address 0x000000000e6d31d6

Registers:
RAX=0x000000000f3a82b0, RBX=0x000000000000004c, RCX=0x000000000e6d31d6, RDX=0x00000000ffffffff
RSP=0x000000000f3a8230, RBP=0x000000000000004c, RSI=0x000000000f3a8ae0, RDI=0x000000000e6d31d6
R8 =0x0000000000000000, R9 =0x000000000f3a8ae0, R10=0x0000000000000000, R11=0x0000000000000008
R12=0x000000000e6c994c, R13=0x000000000f3a8490, R14=0x0000000000000001, R15=0x000000000f3a8ac8
RIP=0x0000000068f02404, EFLAGS=0x0000000000010246

Top of Stack: (sp=0x000000000f3a8230)
0x000000000f3a8230:   000000000f3a82b8 0000000000000000
0x000000000f3a8240:   0000000000000000 0000000000000000
0x000000000f3a8250:   000000000f3a86e0 0000000068f02573
0x000000000f3a8260:   000000000000004c 000000000f3a8360
0x000000000f3a8270:   000000000f3a8ae0 000000077d51c0b8
0x000000000f3a8280:   000000000f3a82b0 000000077d51b6c8
0x000000000f3a8290:   0000000000000000 000000000000004c
0x000000000f3a82a0:   000000000f3a8308 0000000002c56374
0x000000000f3a82b0:   000000000000004a 000000000f3a8ae0
0x000000000f3a82c0:   0000000747504f53 000000000f3a8490
0x000000000f3a82d0:   000000000e6c994c 00000000000095da
0x000000000f3a82e0:   000000000f3a0100 00000000128a0880
0x000000000f3a82f0:   00000000128a0870 0000000000000000
0x000000000f3a8300:   0000000000000000 00000000000003a8
0x000000000f3a8310:   000000017cad6cf0 0000006b00eb017f
0x000000000f3a8320:   00000000128a0870 0000007500000000 

Instructions: (pc=0x0000000068f02404)
0x0000000068f023e4:   08 48 89 6c 24 10 48 89 74 24 18 57 48 83 ec 20
0x0000000068f023f4:   8b ea 83 ca ff 49 8b f1 48 8b f9 45 85 c0 78 6b
0x0000000068f02404:   44 0f b7 19 41 0f b7 c3 66 41 c1 e3 08 66 c1 e8
0x0000000068f02414:   08 44 0f b6 d0 41 0f b7 c3 44 0b d0 45 3b c2 7d 


Register to memory mapping:

RAX=0x000000000f3a82b0 is pointing into the stack for thread: 0x000000000e74e000
RBX=0x000000000000004c is an unknown value
RCX=0x000000000e6d31d6 is an unknown value
RDX=0x00000000ffffffff is an unknown value
RSP=0x000000000f3a8230 is pointing into the stack for thread: 0x000000000e74e000
RBP=0x000000000000004c is an unknown value
RSI=0x000000000f3a8ae0 is pointing into the stack for thread: 0x000000000e74e000
RDI=0x000000000e6d31d6 is an unknown value
R8 =0x0000000000000000 is an unknown value
R9 =0x000000000f3a8ae0 is pointing into the stack for thread: 0x000000000e74e000
R10=0x0000000000000000 is an unknown value
R11=0x0000000000000008 is an unknown value
R12=0x000000000e6c994c is an unknown value
R13=0x000000000f3a8490 is pointing into the stack for thread: 0x000000000e74e000
R14=0x0000000000000001 is an unknown value
R15=0x000000000f3a8ac8 is pointing into the stack for thread: 0x000000000e74e000


Stack: [0x000000000f2b0000,0x000000000f3b0000],  sp=0x000000000f3a8230,  free space=992k
Native frames: (J=compiled Java code, j=interpreted, Vv=VM code, C=native code)
C  [fontmanager.dll+0x12404]  Java_sun_font_FileFontStrike__1getGlyphImageFromWindows+0xe838

Java frames: (J=compiled Java code, j=interpreted, Vv=VM code)
j  sun.font.SunLayoutEngine.nativeLayout(Lsun/font/Font2D;Lsun/font/FontStrike;[FII[CIIIIIIILjava/awt/geom/Point2D$Float;Lsun/font/GlyphLayout$GVData;JJ)V+0
j  sun.font.SunLayoutEngine.layout(Lsun/font/FontStrikeDesc;[FIILsun/font/TextRecord;ILjava/awt/geom/Point2D$Float;Lsun/font/GlyphLayout$GVData;)V+98
j  sun.font.GlyphLayout$EngineRecord.layout()V+95
j  sun.font.GlyphLayout.layout(Ljava/awt/Font;Ljava/awt/font/FontRenderContext;[CIIILsun/font/StandardGlyphVector;)Lsun/font/StandardGlyphVector;+541
j  sun.font.ExtendedTextSourceLabel.createGV()Lsun/font/StandardGlyphVector;+63
j  sun.font.ExtendedTextSourceLabel.getGV()Lsun/font/StandardGlyphVector;+9
j  sun.font.ExtendedTextSourceLabel.createLogicalBounds()Ljava/awt/geom/Rectangle2D;+1
j  sun.font.ExtendedTextSourceLabel.getAdvance()F+9
j  java.awt.font.TextLine.init()V+609
j  java.awt.font.TextLine.<init>(Ljava/awt/font/FontRenderContext;[Lsun/font/TextLineComponent;[F[CII[I[BZ)V+79
j  java.awt.font.TextLine.fastCreateTextLine(Ljava/awt/font/FontRenderContext;[CLjava/awt/Font;Lsun/font/CoreMetrics;Ljava/util/Map;)Ljava/awt/font/TextLine;+337
j  java.awt.font.TextLayout.fastInit([CLjava/awt/Font;Ljava/util/Map;Ljava/awt/font/FontRenderContext;)V+83
j  java.awt.font.TextLayout.<init>(Ljava/lang/String;Ljava/awt/Font;Ljava/awt/font/FontRenderContext;)V+124
j  sun.font.FontDesignMetrics.stringWidth(Ljava/lang/String;)I+121
j  sun.swing.SwingUtilities2.stringWidth(Ljavax/swing/JComponent;Ljava/awt/FontMetrics;Ljava/lang/String;)I+104
j  javax.swing.SwingUtilities.layoutCompoundLabelImpl(Ljavax/swing/JComponent;Ljava/awt/FontMetrics;Ljava/lang/String;Ljavax/swing/Icon;IIIILjava/awt/Rectangle;Ljava/awt/Rectangle;Ljava/awt/Rectangle;I)Ljava/lang/String;+197
j  javax.swing.SwingUtilities.layoutCompoundLabel(Ljavax/swing/JComponent;Ljava/awt/FontMetrics;Ljava/lang/String;Ljavax/swing/Icon;IIIILjava/awt/Rectangle;Ljava/awt/Rectangle;Ljava/awt/Rectangle;I)Ljava/lang/String;+159
j  javax.swing.plaf.basic.BasicLabelUI.layoutCL(Ljavax/swing/JLabel;Ljava/awt/FontMetrics;Ljava/lang/String;Ljavax/swing/Icon;Ljava/awt/Rectangle;Ljava/awt/Rectangle;Ljava/awt/Rectangle;)Ljava/lang/String;+31
j  javax.swing.plaf.basic.BasicLabelUI.getPreferredSize(Ljavax/swing/JComponent;)Ljava/awt/Dimension;+265
j  javax.swing.JComponent.getPreferredSize()Ljava/awt/Dimension;+26
j  javax.swing.plaf.basic.BasicListUI.paintCell(Ljava/awt/Graphics;ILjava/awt/Rectangle;Ljavax/swing/ListCellRenderer;Ljavax/swing/ListModel;Ljavax/swing/ListSelectionModel;I)V+98
j  javax.swing.plaf.basic.BasicListUI.paintImpl(Ljava/awt/Graphics;Ljavax/swing/JComponent;)V+448
j  javax.swing.plaf.basic.BasicListUI.paint(Ljava/awt/Graphics;Ljavax/swing/JComponent;)V+8
j  javax.swing.plaf.ComponentUI.update(Ljava/awt/Graphics;Ljavax/swing/JComponent;)V+32
j  javax.swing.JComponent.paintComponent(Ljava/awt/Graphics;)V+26
j  javax.swing.JComponent.paint(Ljava/awt/Graphics;)V+286
j  javax.swing.JComponent.paintToOffscreen(Ljava/awt/Graphics;IIIIII)V+41
j  javax.swing.RepaintManager$PaintManager.paintDoubleBuffered(Ljavax/swing/JComponent;Ljava/awt/Image;Ljava/awt/Graphics;IIII)V+105
j  javax.swing.RepaintManager$PaintManager.paint(Ljavax/swing/JComponent;Ljavax/swing/JComponent;Ljava/awt/Graphics;IIII)Z+116
j  javax.swing.RepaintManager.paint(Ljavax/swing/JComponent;Ljavax/swing/JComponent;Ljava/awt/Graphics;IIII)V+52
j  javax.swing.JComponent.paintForceDoubleBuffered(Ljava/awt/Graphics;)V+41
j  javax.swing.JViewport.blitDoubleBuffered(Ljavax/swing/JComponent;Ljava/awt/Graphics;IIIIIIIIII)V+73
j  javax.swing.JViewport.windowBlitPaint(Ljava/awt/Graphics;)Z+269
j  javax.swing.JViewport.setViewPosition(Ljava/awt/Point;)V+207
j  javax.swing.JViewport.scrollRectToVisible(Ljava/awt/Rectangle;)V+338
j  javax.swing.JComponent.scrollRectToVisible(Ljava/awt/Rectangle;)V+103
j  javax.swing.JList.ensureIndexIsVisible(I)V+13
j  sun.swing.FilePane.ensureIndexIsVisible(I)V+16
j  sun.swing.FilePane.ensureFileIsVisible(Ljavax/swing/JFileChooser;Ljava/io/File;)V+22
j  com.sun.java.swing.plaf.windows.WindowsFileChooserUI.ensureFileIsVisible(Ljavax/swing/JFileChooser;Ljava/io/File;)V+6
j  javax.swing.JFileChooser.ensureFileIsVisible(Ljava/io/File;)V+6
j  javax.swing.JFileChooser.setSelectedFile(Ljava/io/File;)V+81
j  javax.swing.plaf.basic.BasicFileChooserUI$Handler.valueChanged(Ljavax/swing/event/ListSelectionEvent;)V+396
j  javax.swing.JList.fireSelectionValueChanged(IIZ)V+65
j  javax.swing.JList$ListSelectionHandler.valueChanged(Ljavax/swing/event/ListSelectionEvent;)V+16
j  javax.swing.DefaultListSelectionModel.fireValueChanged(IIZ)V+65
j  javax.swing.DefaultListSelectionModel.fireValueChanged(Z)V+34
j  javax.swing.DefaultListSelectionModel.setValueIsAdjusting(Z)V+15
j  javax.swing.JList.setValueIsAdjusting(Z)V+5
j  javax.swing.plaf.basic.BasicListUI$Handler.mouseReleased(Ljava/awt/event/MouseEvent;)V+70
j  java.awt.AWTEventMulticaster.mouseReleased(Ljava/awt/event/MouseEvent;)V+21
j  java.awt.AWTEventMulticaster.mouseReleased(Ljava/awt/event/MouseEvent;)V+8
j  java.awt.Component.processMouseEvent(Ljava/awt/event/MouseEvent;)V+64
j  javax.swing.JComponent.processMouseEvent(Ljava/awt/event/MouseEvent;)V+23
j  java.awt.Component.processEvent(Ljava/awt/AWTEvent;)V+81
j  java.awt.Container.processEvent(Ljava/awt/AWTEvent;)V+18
j  java.awt.Component.dispatchEventImpl(Ljava/awt/AWTEvent;)V+581
j  java.awt.Container.dispatchEventImpl(Ljava/awt/AWTEvent;)V+42
J  java.awt.LightweightDispatcher.retargetMouseEvent(Ljava/awt/Component;ILjava/awt/event/MouseEvent;)V
j  java.awt.LightweightDispatcher.processMouseEvent(Ljava/awt/event/MouseEvent;)Z+139
j  java.awt.LightweightDispatcher.dispatchEvent(Ljava/awt/AWTEvent;)Z+50
j  java.awt.Container.dispatchEventImpl(Ljava/awt/AWTEvent;)V+12
j  java.awt.Window.dispatchEventImpl(Ljava/awt/AWTEvent;)V+19
j  java.awt.Component.dispatchEvent(Ljava/awt/AWTEvent;)V+2
j  java.awt.EventQueue.dispatchEventImpl(Ljava/awt/AWTEvent;Ljava/lang/Object;)V+41
j  java.awt.EventQueue.access$200(Ljava/awt/EventQueue;Ljava/awt/AWTEvent;Ljava/lang/Object;)V+3
j  java.awt.EventQueue$3.run()Ljava/lang/Void;+12
j  java.awt.EventQueue$3.run()Ljava/lang/Object;+1
v  ~StubRoutines::call_stub
j  java.security.AccessController.doPrivileged(Ljava/security/PrivilegedAction;Ljava/security/AccessControlContext;)Ljava/lang/Object;+0
j  java.security.ProtectionDomain$1.doIntersectionPrivilege(Ljava/security/PrivilegedAction;Ljava/security/AccessControlContext;Ljava/security/AccessControlContext;)Ljava/lang/Object;+28
j  java.security.ProtectionDomain$1.doIntersectionPrivilege(Ljava/security/PrivilegedAction;Ljava/security/AccessControlContext;)Ljava/lang/Object;+6
j  java.awt.EventQueue$4.run()Ljava/lang/Void;+11
j  java.awt.EventQueue$4.run()Ljava/lang/Object;+1
v  ~StubRoutines::call_stub
j  java.security.AccessController.doPrivileged(Ljava/security/PrivilegedAction;Ljava/security/AccessControlContext;)Ljava/lang/Object;+0
j  java.security.ProtectionDomain$1.doIntersectionPrivilege(Ljava/security/PrivilegedAction;Ljava/security/AccessControlContext;Ljava/security/AccessControlContext;)Ljava/lang/Object;+28
j  java.awt.EventQueue.dispatchEvent(Ljava/awt/AWTEvent;)V+73
j  java.awt.EventDispatchThread.pumpOneEventForFilters(I)V+245
j  java.awt.EventDispatchThread.pumpEventsForFilter(ILjava/awt/Conditional;Ljava/awt/EventFilter;)V+35
j  java.awt.EventDispatchThread.pumpEventsForFilter(Ljava/awt/Conditional;Ljava/awt/EventFilter;)V+4
j  java.awt.WaitDispatchSupport$2.run()V+59
j  java.awt.WaitDispatchSupport$4.run()Ljava/lang/Object;+4
v  ~StubRoutines::call_stub
j  java.security.AccessController.doPrivileged(Ljava/security/PrivilegedAction;)Ljava/lang/Object;+0
j  java.awt.WaitDispatchSupport.enter()Z+231
j  java.awt.Dialog.show()V+233
j  javax.swing.JFileChooser.showDialog(Ljava/awt/Component;Ljava/lang/String;)I+60
j  javax.swing.JFileChooser.showSaveDialog(Ljava/awt/Component;)I+8
j  prepos.gui.datamining.Miner.bSaveRulesActionPerformed(Ljava/awt/event/ActionEvent;)V+5
j  prepos.gui.datamining.Miner.access$700(Lprepos/gui/datamining/Miner;Ljava/awt/event/ActionEvent;)V+2
j  prepos.gui.datamining.Miner$3.actionPerformed(Ljava/awt/event/ActionEvent;)V+5
j  javax.swing.AbstractButton.fireActionPerformed(Ljava/awt/event/ActionEvent;)V+84
j  javax.swing.AbstractButton$Handler.actionPerformed(Ljava/awt/event/ActionEvent;)V+5
j  javax.swing.DefaultButtonModel.fireActionPerformed(Ljava/awt/event/ActionEvent;)V+35
j  javax.swing.DefaultButtonModel.setPressed(Z)V+117
j  javax.swing.plaf.basic.BasicButtonListener.mouseReleased(Ljava/awt/event/MouseEvent;)V+35
j  java.awt.Component.processMouseEvent(Ljava/awt/event/MouseEvent;)V+64
j  javax.swing.JComponent.processMouseEvent(Ljava/awt/event/MouseEvent;)V+23
j  java.awt.Component.processEvent(Ljava/awt/AWTEvent;)V+81
j  java.awt.Container.processEvent(Ljava/awt/AWTEvent;)V+18
j  java.awt.Component.dispatchEventImpl(Ljava/awt/AWTEvent;)V+581
j  java.awt.Container.dispatchEventImpl(Ljava/awt/AWTEvent;)V+42
J  java.awt.LightweightDispatcher.retargetMouseEvent(Ljava/awt/Component;ILjava/awt/event/MouseEvent;)V
j  java.awt.LightweightDispatcher.processMouseEvent(Ljava/awt/event/MouseEvent;)Z+139
j  java.awt.LightweightDispatcher.dispatchEvent(Ljava/awt/AWTEvent;)Z+50
j  java.awt.Container.dispatchEventImpl(Ljava/awt/AWTEvent;)V+12
j  java.awt.Window.dispatchEventImpl(Ljava/awt/AWTEvent;)V+19
j  java.awt.Component.dispatchEvent(Ljava/awt/AWTEvent;)V+2
j  java.awt.EventQueue.dispatchEventImpl(Ljava/awt/AWTEvent;Ljava/lang/Object;)V+41
j  java.awt.EventQueue.access$200(Ljava/awt/EventQueue;Ljava/awt/AWTEvent;Ljava/lang/Object;)V+3
j  java.awt.EventQueue$3.run()Ljava/lang/Void;+12
j  java.awt.EventQueue$3.run()Ljava/lang/Object;+1
v  ~StubRoutines::call_stub
j  java.security.AccessController.doPrivileged(Ljava/security/PrivilegedAction;Ljava/security/AccessControlContext;)Ljava/lang/Object;+0
j  java.security.ProtectionDomain$1.doIntersectionPrivilege(Ljava/security/PrivilegedAction;Ljava/security/AccessControlContext;Ljava/security/AccessControlContext;)Ljava/lang/Object;+28
j  java.security.ProtectionDomain$1.doIntersectionPrivilege(Ljava/security/PrivilegedAction;Ljava/security/AccessControlContext;)Ljava/lang/Object;+6
j  java.awt.EventQueue$4.run()Ljava/lang/Void;+11
j  java.awt.EventQueue$4.run()Ljava/lang/Object;+1
v  ~StubRoutines::call_stub
j  java.security.AccessController.doPrivileged(Ljava/security/PrivilegedAction;Ljava/security/AccessControlContext;)Ljava/lang/Object;+0
j  java.security.ProtectionDomain$1.doIntersectionPrivilege(Ljava/security/PrivilegedAction;Ljava/security/AccessControlContext;Ljava/security/AccessControlContext;)Ljava/lang/Object;+28
j  java.awt.EventQueue.dispatchEvent(Ljava/awt/AWTEvent;)V+73
j  java.awt.EventDispatchThread.pumpOneEventForFilters(I)V+245
j  java.awt.EventDispatchThread.pumpEventsForFilter(ILjava/awt/Conditional;Ljava/awt/EventFilter;)V+35
j  java.awt.EventDispatchThread.pumpEventsForHierarchy(ILjava/awt/Conditional;Ljava/awt/Component;)V+11
j  java.awt.EventDispatchThread.pumpEvents(ILjava/awt/Conditional;)V+4
j  java.awt.EventDispatchThread.pumpEvents(Ljava/awt/Conditional;)V+3
j  java.awt.EventDispatchThread.run()V+9
v  ~StubRoutines::call_stub

---------------  P R O C E S S  ---------------

Java Threads: ( => current thread )
  0x000000000fe6b800 JavaThread "Swing-Shell" daemon [_thread_blocked, id=15944, stack(0x0000000010370000,0x0000000010470000)]
  0x000000000fbd2000 JavaThread "TimerQueue" daemon [_thread_blocked, id=10740, stack(0x0000000010270000,0x0000000010370000)]
  0x0000000002b4e000 JavaThread "DestroyJavaVM" [_thread_blocked, id=10188, stack(0x00000000029c0000,0x0000000002ac0000)]
=>0x000000000e74e000 JavaThread "AWT-EventQueue-0" [_thread_in_native, id=17972, stack(0x000000000f2b0000,0x000000000f3b0000)]
  0x000000000e743800 JavaThread "AWT-Windows" daemon [_thread_in_native, id=20716, stack(0x000000000f1b0000,0x000000000f2b0000)]
  0x000000000e743000 JavaThread "AWT-Shutdown" [_thread_blocked, id=14052, stack(0x000000000f0b0000,0x000000000f1b0000)]
  0x000000000e809800 JavaThread "Java2D Disposer" daemon [_thread_blocked, id=12548, stack(0x000000000efb0000,0x000000000f0b0000)]
  0x000000000bfd5000 JavaThread "Service Thread" daemon [_thread_blocked, id=9248, stack(0x000000000e3d0000,0x000000000e4d0000)]
  0x000000000bfcd000 JavaThread "C2 CompilerThread1" daemon [_thread_blocked, id=12748, stack(0x000000000e2d0000,0x000000000e3d0000)]
  0x000000000bfcb000 JavaThread "C2 CompilerThread0" daemon [_thread_blocked, id=7748, stack(0x000000000e1d0000,0x000000000e2d0000)]
  0x000000000bfca000 JavaThread "Attach Listener" daemon [_thread_blocked, id=19832, stack(0x000000000e0d0000,0x000000000e1d0000)]
  0x000000000bfc5000 JavaThread "Signal Dispatcher" daemon [_thread_blocked, id=9176, stack(0x000000000dfd0000,0x000000000e0d0000)]
  0x000000000bf5e800 JavaThread "Finalizer" daemon [_thread_blocked, id=8792, stack(0x000000000ded0000,0x000000000dfd0000)]
  0x000000000bf57000 JavaThread "Reference Handler" daemon [_thread_blocked, id=9232, stack(0x000000000ddd0000,0x000000000ded0000)]

Other Threads:
  0x000000000bf52000 VMThread [stack: 0x000000000dcd0000,0x000000000ddd0000] [id=5700]
  0x000000000bff1800 WatcherThread [stack: 0x000000000e4d0000,0x000000000e5d0000] [id=19144]

VM state:not at safepoint (normal execution)

VM Mutex/Monitor currently owned by a thread: None

Heap
 PSYoungGen      total 60608K, used 21221K [0x00000007d5eb0000, 0x00000007da320000, 0x0000000800000000)
  eden space 55232K, 28% used [0x00000007d5eb0000,0x00000007d6e2bbe8,0x00000007d94a0000)
  from space 5376K, 99% used [0x00000007d98c0000,0x00000007d9dfdb10,0x00000007d9e00000)
  to   space 5248K, 0% used [0x00000007d9e00000,0x00000007d9e00000,0x00000007da320000)
 ParOldGen       total 148480K, used 64124K [0x0000000781c00000, 0x000000078ad00000, 0x00000007d5eb0000)
  object space 148480K, 43% used [0x0000000781c00000,0x0000000785a9f160,0x000000078ad00000)
 PSPermGen       total 23424K, used 17945K [0x000000077ca00000, 0x000000077e0e0000, 0x0000000781c00000)
  object space 23424K, 76% used [0x000000077ca00000,0x000000077db86468,0x000000077e0e0000)

Card table byte_map: [0x0000000005d10000,0x0000000006130000] byte_map_base: 0x000000000212b000

Polling page: 0x0000000000fe0000

Code Cache  [0x0000000002c50000, 0x0000000002ec0000, 0x0000000005c50000)
 total_blobs=830 nmethods=307 adapters=474 free_code_cache=47904Kb largest_free_block=49022272

Compilation events (10 events):
Event: 37.833 Thread 0x000000000bfcd000  303   !         sun.awt.SunToolkit::flushPendingEvents (77 bytes)
Event: 37.833 Thread 0x000000000bfcb000  304   !         sun.awt.PostEventQueue::flush (84 bytes)
Event: 37.838 Thread 0x000000000bfcb000 nmethod 304 0x0000000002d860d0 code [0x0000000002d86220, 0x0000000002d86538]
Event: 37.852 Thread 0x000000000bfcd000 nmethod 303 0x0000000002d87bd0 code [0x0000000002d87dc0, 0x0000000002d884f0]
Event: 38.517 Thread 0x000000000bfcb000  305             javax.swing.JComponent::setFlag (34 bytes)
Event: 38.517 Thread 0x000000000bfcd000  306             sun.java2d.pipe.Region::isInsideQuickCheck (57 bytes)
Event: 38.518 Thread 0x000000000bfcb000 nmethod 305 0x0000000002d89090 code [0x0000000002d891c0, 0x0000000002d89258]
Event: 38.518 Thread 0x000000000bfcd000 nmethod 306 0x0000000002d88dd0 code [0x0000000002d88f00, 0x0000000002d88fd8]
Event: 38.821 Thread 0x000000000bfcb000  307             java.util.ComparableTimSort::mergeHi (716 bytes)
Event: 38.862 Thread 0x000000000bfcb000 nmethod 307 0x0000000002d8d710 code [0x0000000002d8d8c0, 0x0000000002d8ef48]

GC Heap History (8 events):
Event: 1.393 GC heap before
{Heap before GC invocations=1 (full 0):
 PSYoungGen      total 37696K, used 32312K [0x00000007d5eb0000, 0x00000007d88c0000, 0x0000000800000000)
  eden space 32320K, 99% used [0x00000007d5eb0000,0x00000007d7e3e320,0x00000007d7e40000)
  from space 5376K, 0% used [0x00000007d8380000,0x00000007d8380000,0x00000007d88c0000)
  to   space 5376K, 0% used [0x00000007d7e40000,0x00000007d7e40000,0x00000007d8380000)
 ParOldGen       total 86208K, used 39356K [0x0000000781c00000, 0x0000000787030000, 0x00000007d5eb0000)
  object space 86208K, 45% used [0x0000000781c00000,0x000000078426f0d0,0x0000000787030000)
 PSPermGen       total 21248K, used 11572K [0x000000077ca00000, 0x000000077dec0000, 0x0000000781c00000)
  object space 21248K, 54% used [0x000000077ca00000,0x000000077d54d2f8,0x000000077dec0000)
Event: 1.421 GC heap after
Heap after GC invocations=1 (full 0):
 PSYoungGen      total 37696K, used 2163K [0x00000007d5eb0000, 0x00000007da850000, 0x0000000800000000)
  eden space 32320K, 0% used [0x00000007d5eb0000,0x00000007d5eb0000,0x00000007d7e40000)
  from space 5376K, 40% used [0x00000007d7e40000,0x00000007d805cf30,0x00000007d8380000)
  to   space 5376K, 0% used [0x00000007da310000,0x00000007da310000,0x00000007da850000)
 ParOldGen       total 86208K, used 78625K [0x0000000781c00000, 0x0000000787030000, 0x00000007d5eb0000)
  object space 86208K, 91% used [0x0000000781c00000,0x00000007868c8788,0x0000000787030000)
 PSPermGen       total 21248K, used 11572K [0x000000077ca00000, 0x000000077dec0000, 0x0000000781c00000)
  object space 21248K, 54% used [0x000000077ca00000,0x000000077d54d2f8,0x000000077dec0000)
}
Event: 1.421 GC heap before
{Heap before GC invocations=2 (full 1):
 PSYoungGen      total 37696K, used 2163K [0x00000007d5eb0000, 0x00000007da850000, 0x0000000800000000)
  eden space 32320K, 0% used [0x00000007d5eb0000,0x00000007d5eb0000,0x00000007d7e40000)
  from space 5376K, 40% used [0x00000007d7e40000,0x00000007d805cf30,0x00000007d8380000)
  to   space 5376K, 0% used [0x00000007da310000,0x00000007da310000,0x00000007da850000)
 ParOldGen       total 86208K, used 78625K [0x0000000781c00000, 0x0000000787030000, 0x00000007d5eb0000)
  object space 86208K, 91% used [0x0000000781c00000,0x00000007868c8788,0x0000000787030000)
 PSPermGen       total 21248K, used 11572K [0x000000077ca00000, 0x000000077dec0000, 0x0000000781c00000)
  object space 21248K, 54% used [0x000000077ca00000,0x000000077d54d2f8,0x000000077dec0000)
Event: 1.454 GC heap after
Heap after GC invocations=2 (full 1):
 PSYoungGen      total 37696K, used 0K [0x00000007d5eb0000, 0x00000007da850000, 0x0000000800000000)
  eden space 32320K, 0% used [0x00000007d5eb0000,0x00000007d5eb0000,0x00000007d7e40000)
  from space 5376K, 0% used [0x00000007d7e40000,0x00000007d7e40000,0x00000007d8380000)
  to   space 5376K, 0% used [0x00000007da310000,0x00000007da310000,0x00000007da850000)
 ParOldGen       total 148480K, used 54335K [0x0000000781c00000, 0x000000078ad00000, 0x00000007d5eb0000)
  object space 148480K, 36% used [0x0000000781c00000,0x000000078510fe60,0x000000078ad00000)
 PSPermGen       total 23424K, used 11568K [0x000000077ca00000, 0x000000077e0e0000, 0x0000000781c00000)
  object space 23424K, 49% used [0x000000077ca00000,0x000000077d54c260,0x000000077e0e0000)
}
Event: 1.662 GC heap before
{Heap before GC invocations=3 (full 1):
 PSYoungGen      total 37696K, used 32320K [0x00000007d5eb0000, 0x00000007da850000, 0x0000000800000000)
  eden space 32320K, 100% used [0x00000007d5eb0000,0x00000007d7e40000,0x00000007d7e40000)
  from space 5376K, 0% used [0x00000007d7e40000,0x00000007d7e40000,0x00000007d8380000)
  to   space 5376K, 0% used [0x00000007da310000,0x00000007da310000,0x00000007da850000)
 ParOldGen       total 148480K, used 54335K [0x0000000781c00000, 0x000000078ad00000, 0x00000007d5eb0000)
  object space 148480K, 36% used [0x0000000781c00000,0x000000078510fe60,0x000000078ad00000)
 PSPermGen       total 23424K, used 11574K [0x000000077ca00000, 0x000000077e0e0000, 0x0000000781c00000)
  object space 23424K, 49% used [0x000000077ca00000,0x000000077d54d9c0,0x000000077e0e0000)
Event: 1.663 GC heap after
Heap after GC invocations=3 (full 1):
 PSYoungGen      total 43776K, used 160K [0x00000007d5eb0000, 0x00000007da340000, 0x0000000800000000)
  eden space 43584K, 0% used [0x00000007d5eb0000,0x00000007d5eb0000,0x00000007d8940000)
  from space 192K, 83% used [0x00000007da310000,0x00000007da338078,0x00000007da340000)
  to   space 5376K, 0% used [0x00000007d98c0000,0x00000007d98c0000,0x00000007d9e00000)
 ParOldGen       total 148480K, used 54335K [0x0000000781c00000, 0x000000078ad00000, 0x00000007d5eb0000)
  object space 148480K, 36% used [0x0000000781c00000,0x000000078510fe60,0x000000078ad00000)
 PSPermGen       total 23424K, used 11574K [0x000000077ca00000, 0x000000077e0e0000, 0x0000000781c00000)
  object space 23424K, 49% used [0x000000077ca00000,0x000000077d54d9c0,0x000000077e0e0000)
}
Event: 29.989 GC heap before
{Heap before GC invocations=4 (full 1):
 PSYoungGen      total 43776K, used 43744K [0x00000007d5eb0000, 0x00000007da340000, 0x0000000800000000)
  eden space 43584K, 100% used [0x00000007d5eb0000,0x00000007d8940000,0x00000007d8940000)
  from space 192K, 83% used [0x00000007da310000,0x00000007da338078,0x00000007da340000)
  to   space 5376K, 0% used [0x00000007d98c0000,0x00000007d98c0000,0x00000007d9e00000)
 ParOldGen       total 148480K, used 54335K [0x0000000781c00000, 0x000000078ad00000, 0x00000007d5eb0000)
  object space 148480K, 36% used [0x0000000781c00000,0x000000078510fe60,0x000000078ad00000)
 PSPermGen       total 23424K, used 17549K [0x000000077ca00000, 0x000000077e0e0000, 0x0000000781c00000)
  object space 23424K, 74% used [0x000000077ca00000,0x000000077db237c0,0x000000077e0e0000)
Event: 29.998 GC heap after
Heap after GC invocations=4 (full 1):
 PSYoungGen      total 60608K, used 5366K [0x00000007d5eb0000, 0x00000007da320000, 0x0000000800000000)
  eden space 55232K, 0% used [0x00000007d5eb0000,0x00000007d5eb0000,0x00000007d94a0000)
  from space 5376K, 99% used [0x00000007d98c0000,0x00000007d9dfdb10,0x00000007d9e00000)
  to   space 5248K, 0% used [0x00000007d9e00000,0x00000007d9e00000,0x00000007da320000)
 ParOldGen       total 148480K, used 64124K [0x0000000781c00000, 0x000000078ad00000, 0x00000007d5eb0000)
  object space 148480K, 43% used [0x0000000781c00000,0x0000000785a9f160,0x000000078ad00000)
 PSPermGen       total 23424K, used 17549K [0x000000077ca00000, 0x000000077e0e0000, 0x0000000781c00000)
  object space 23424K, 74% used [0x000000077ca00000,0x000000077db237c0,0x000000077e0e0000)
}

Deoptimization events (10 events):
Event: 4.231 Thread 0x000000000e74e000 Uncommon trap -12 fr.pc 0x0000000002d0f170
Event: 13.159 Thread 0x000000000e74e000 Uncommon trap -122 fr.pc 0x0000000002d25ae0
Event: 13.672 Thread 0x000000000e74e000 Uncommon trap -42 fr.pc 0x0000000002d27b5c
Event: 13.672 Thread 0x000000000e74e000 Uncommon trap -42 fr.pc 0x0000000002d27bf0
Event: 13.672 Thread 0x000000000e74e000 Uncommon trap -42 fr.pc 0x0000000002d27ac8
Event: 13.673 Thread 0x000000000e74e000 Uncommon trap -42 fr.pc 0x0000000002d27ac8
Event: 34.280 Thread 0x000000000e74e000 Uncommon trap -12 fr.pc 0x0000000002d78170
Event: 37.041 Thread 0x000000000e74e000 Uncommon trap -34 fr.pc 0x0000000002cea9bc
Event: 37.175 Thread 0x000000000e74e000 Uncommon trap 159 fr.pc 0x0000000002d177e0
Event: 37.202 Thread 0x000000000e74e000 Uncommon trap -83 fr.pc 0x0000000002d0edb0

Internal exceptions (10 events):
Event: 29.799 Thread 0x000000000e74e000 Threw 0x00000007d840fde8 at C:\jdk7u2_64p\jdk7u21\hotspot\src\share\vm\prims\jvm.cpp:1166
Event: 29.806 Thread 0x000000000e74e000 Threw 0x00000007d841b288 at C:\jdk7u2_64p\jdk7u21\hotspot\src\share\vm\prims\jvm.cpp:1166
Event: 29.807 Thread 0x000000000e74e000 Threw 0x00000007d841d010 at C:\jdk7u2_64p\jdk7u21\hotspot\src\share\vm\prims\jvm.cpp:1166
Event: 29.807 Thread 0x000000000e74e000 Threw 0x00000007d841ed90 at C:\jdk7u2_64p\jdk7u21\hotspot\src\share\vm\prims\jvm.cpp:1166
Event: 29.809 Thread 0x000000000e74e000 Threw 0x00000007d8424f98 at C:\jdk7u2_64p\jdk7u21\hotspot\src\share\vm\prims\jvm.cpp:1166
Event: 29.810 Thread 0x000000000e74e000 Threw 0x00000007d8429d58 at C:\jdk7u2_64p\jdk7u21\hotspot\src\share\vm\prims\jvm.cpp:1166
Event: 29.811 Thread 0x000000000e74e000 Threw 0x00000007d844cf18 at C:\jdk7u2_64p\jdk7u21\hotspot\src\share\vm\prims\jvm.cpp:1166
Event: 29.813 Thread 0x000000000e74e000 Threw 0x00000007d8456280 at C:\jdk7u2_64p\jdk7u21\hotspot\src\share\vm\prims\jvm.cpp:1166
Event: 29.927 Thread 0x000000000e74e000 Threw 0x00000007d86cf850 at C:\jdk7u2_64p\jdk7u21\hotspot\src\share\vm\prims\jvm.cpp:1166
Event: 34.280 Thread 0x000000000e74e000 Implicit null exception at 0x0000000002d77e78 to 0x0000000002d78164

Events (10 events):
Event: 37.202 loading class 0x000000000e8406d0
Event: 37.202 loading class 0x000000000e8406d0 done
Event: 37.202 loading class 0x000000000e6a5dd0
Event: 37.202 loading class 0x000000000e6a5dd0 done
Event: 37.202 loading class 0x000000000e6a6550
Event: 37.202 loading class 0x000000000e6a6550 done
Event: 37.203 Thread 0x000000000e74e000 DEOPT PACKING pc=0x0000000002d0edb0 sp=0x000000000f3a9fa0
Event: 37.203 Thread 0x000000000e74e000 DEOPT UNPACKING pc=0x0000000002c89164 sp=0x000000000f3a9f40 mode 2
Event: 37.205 loading class 0x000000000fb2d680
Event: 37.205 loading class 0x000000000fb2d680 done


Dynamic libraries:
0x000007f67f7c0000 - 0x000007f67f7f3000 	C:\Program Files\Java\jdk1.7.0_21\bin\java.exe
0x000007f833bf0000 - 0x000007f833db0000 	C:\windows\SYSTEM32\ntdll.dll
0x000007f831210000 - 0x000007f831346000 	C:\windows\system32\KERNEL32.DLL
0x000007f830eb0000 - 0x000007f830fa3000 	C:\windows\system32\KERNELBASE.dll
0x000007f831e10000 - 0x000007f831eee000 	C:\windows\system32\ADVAPI32.dll
0x000007f833aa0000 - 0x000007f833bec000 	C:\windows\system32\USER32.dll
0x000007f82ed00000 - 0x000007f82ef6a000 	C:\windows\WinSxS\amd64_microsoft.windows.common-controls_6595b64144ccf1df_6.0.9200.16579_none_418ab7ef718b27ef\COMCTL32.dll
0x000007f832060000 - 0x000007f832105000 	C:\windows\system32\msvcrt.dll
0x000007f831a80000 - 0x000007f831ac8000 	C:\windows\SYSTEM32\sechost.dll
0x000007f8310c0000 - 0x000007f831205000 	C:\windows\system32\RPCRT4.dll
0x000007f831930000 - 0x000007f831a71000 	C:\windows\system32\GDI32.dll
0x000007f831ad0000 - 0x000007f831b09000 	C:\windows\system32\IMM32.DLL
0x000007f831ef0000 - 0x000007f832005000 	C:\windows\system32\MSCTF.dll
0x00000000691a0000 - 0x0000000069271000 	C:\Program Files\Java\jdk1.7.0_21\jre\bin\msvcr100.dll
0x00000000680c0000 - 0x00000000687e1000 	C:\Program Files\Java\jdk1.7.0_21\jre\bin\server\jvm.dll
0x000007f827fe0000 - 0x000007f827fe9000 	C:\windows\SYSTEM32\WSOCK32.dll
0x000007f82ba10000 - 0x000007f82ba30000 	C:\windows\SYSTEM32\WINMM.dll
0x000007f831850000 - 0x000007f831857000 	C:\windows\system32\PSAPI.DLL
0x000007f833770000 - 0x000007f8337c8000 	C:\windows\system32\WS2_32.dll
0x000007f82b8a0000 - 0x000007f82b8d3000 	C:\windows\SYSTEM32\WINMMBASE.dll
0x000007f830fe0000 - 0x000007f830fe9000 	C:\windows\system32\NSI.dll
0x000007f830bd0000 - 0x000007f830c1f000 	C:\windows\SYSTEM32\cfgmgr32.dll
0x000007f830fb0000 - 0x000007f830fd2000 	C:\windows\system32\DEVOBJ.dll
0x0000000069660000 - 0x000000006966f000 	C:\Program Files\Java\jdk1.7.0_21\jre\bin\verify.dll
0x0000000069130000 - 0x0000000069158000 	C:\Program Files\Java\jdk1.7.0_21\jre\bin\java.dll
0x0000000069110000 - 0x0000000069125000 	C:\Program Files\Java\jdk1.7.0_21\jre\bin\zip.dll
0x00000000690f0000 - 0x0000000069109000 	C:\Program Files\Java\jdk1.7.0_21\jre\bin\net.dll
0x000007f8302f0000 - 0x000007f83034c000 	C:\windows\system32\mswsock.dll
0x00000000690d0000 - 0x00000000690e1000 	C:\Program Files\Java\jdk1.7.0_21\jre\bin\nio.dll
0x0000000068f30000 - 0x00000000690c3000 	C:\Program Files\Java\jdk1.7.0_21\jre\bin\awt.dll
0x000007f830ff0000 - 0x000007f8310b3000 	C:\windows\system32\OLEAUT32.dll
0x000007f831520000 - 0x000007f8316d0000 	C:\windows\system32\combase.dll
0x000007f82a6a0000 - 0x000007f82a73f000 	C:\windows\system32\apphelp.dll
0x000007f82ef70000 - 0x000007f82ef91000 	C:\windows\system32\DWMAPI.DLL
0x000007f82f5d0000 - 0x000007f82f6b6000 	C:\windows\system32\uxtheme.dll
0x000007f82b8e0000 - 0x000007f82b9b6000 	C:\Program Files (x86)\Stardock\Start8\Start8_64.dll
0x000007f8316d0000 - 0x000007f83184e000 	C:\windows\system32\ole32.dll
0x000007f830970000 - 0x000007f83097a000 	C:\windows\SYSTEM32\CRYPTBASE.dll
0x000007f830910000 - 0x000007f83096c000 	C:\windows\SYSTEM32\bcryptPrimitives.dll
0x000007f832110000 - 0x000007f8333f0000 	C:\windows\system32\SHELL32.dll
0x000007f832010000 - 0x000007f832060000 	C:\windows\system32\SHLWAPI.dll
0x000007f82fc60000 - 0x000007f82fcf6000 	C:\windows\SYSTEM32\shcore.dll
0x0000000068ef0000 - 0x0000000068f2e000 	C:\Program Files\Java\jdk1.7.0_21\jre\bin\fontmanager.dll
0x00000000689c0000 - 0x0000000068a01000 	C:\Program Files\Java\jdk1.7.0_21\jre\bin\t2k.dll
0x000007f830c20000 - 0x000007f830cc4000 	C:\windows\WinSxS\amd64_microsoft.windows.common-controls_6595b64144ccf1df_5.82.9200.16384_none_7762d5fd3178b04e\comctl32.dll
0x000007f831350000 - 0x000007f831520000 	C:\windows\system32\SETUPAPI.dll
0x000007f8337d0000 - 0x000007f833866000 	C:\windows\SYSTEM32\clbcatq.dll
0x000007f82b1c0000 - 0x000007f82b31a000 	C:\windows\system32\propsys.dll
0x000007f822cb0000 - 0x000007f822e4b000 	C:\windows\system32\NetworkExplorer.dll
0x000007f8220e0000 - 0x000007f822119000 	C:\windows\System32\shdocvw.dll
0x000007f830aa0000 - 0x000007f830ab5000 	C:\windows\SYSTEM32\profapi.dll
0x000007f82db10000 - 0x000007f82dca3000 	C:\windows\SYSTEM32\WindowsCodecs.dll
0x000007f822040000 - 0x000007f822075000 	C:\Windows\System32\thumbcache.dll
0x000007f82ae10000 - 0x000007f82ae3c000 	C:\windows\System32\IDStore.dll
0x000007f82b4c0000 - 0x000007f82b4dd000 	C:\windows\SYSTEM32\SAMLIB.dll
0x000007f822080000 - 0x000007f8220da000 	C:\windows\System32\wlidprov.dll
0x000007f828450000 - 0x000007f828467000 	C:\windows\SYSTEM32\MPR.dll
0x0000000180000000 - 0x0000000180027000 	C:\windows\system32\CbFsNetRdr3.dll
0x000007f82ca30000 - 0x000007f82ca39000 	C:\windows\SYSTEM32\VERSION.dll
0x000007f82c430000 - 0x000007f82c445000 	C:\windows\SYSTEM32\NETAPI32.dll
0x000007f82fdb0000 - 0x000007f82fdbe000 	C:\windows\SYSTEM32\netutils.dll
0x000007f8306f0000 - 0x000007f830714000 	C:\windows\SYSTEM32\srvcli.dll
0x000007f82c3f0000 - 0x000007f82c405000 	C:\windows\SYSTEM32\wkscli.dll
0x000007f82fb10000 - 0x000007f82fb1a000 	C:\windows\System32\drprov.dll
0x000007f830390000 - 0x000007f8303de000 	C:\windows\System32\WINSTA.dll
0x000007f82f950000 - 0x000007f82f963000 	C:\windows\System32\ntlanman.dll
0x000007f8239c0000 - 0x000007f8239de000 	C:\windows\System32\davclnt.dll
0x000007f82f940000 - 0x000007f82f94b000 	C:\windows\System32\DAVHLPR.dll
0x000007f8269e0000 - 0x000007f8269f1000 	C:\windows\SYSTEM32\cscapi.dll
0x000007f822e50000 - 0x000007f822ec5000 	C:\Windows\System32\dlnashext.dll
0x000007f825cc0000 - 0x000007f825e04000 	C:\Windows\System32\Windows.Media.Streaming.dll
0x000007f830a40000 - 0x000007f830a83000 	C:\Windows\System32\POWRPROF.dll
0x000007f82c550000 - 0x000007f82c58f000 	C:\Windows\System32\XmlLite.dll
0x000007f830350000 - 0x000007f83036a000 	C:\windows\SYSTEM32\CRYPTSP.dll
0x000007f82ffd0000 - 0x000007f83001b000 	C:\windows\system32\rsaenh.dll
0x000007f825bb0000 - 0x000007f825bc0000 	C:\Windows\System32\DevDispItemProvider.dll
0x000007f8217a0000 - 0x000007f821998000 	C:\windows\system32\wpdshext.dll
0x000007f82b320000 - 0x000007f82b4c0000 	C:\windows\WinSxS\amd64_microsoft.windows.gdiplus_6595b64144ccf1df_1.1.9200.16518_none_726fbfe0cc22f012\gdiplus.dll
0x000007f827ad0000 - 0x000007f827b6b000 	C:\Windows\System32\PortableDeviceApi.dll
0x000007f830b70000 - 0x000007f830bc5000 	C:\windows\system32\WINTRUST.dll
0x000007f830cd0000 - 0x000007f830ea1000 	C:\windows\system32\CRYPT32.dll
0x000007f830b50000 - 0x000007f830b66000 	C:\windows\system32\MSASN1.dll
0x000007f81c930000 - 0x000007f81c966000 	C:\Windows\System32\EhStorShell.dll
0x000007f82f910000 - 0x000007f82f935000 	C:\Windows\System32\EhStorAPI.dll
0x000007f830370000 - 0x000007f830381000 	C:\Windows\System32\WTSAPI32.dll
0x000007f8308e0000 - 0x000007f83090c000 	C:\windows\SYSTEM32\SspiCli.dll
0x000007f824bb0000 - 0x000007f824d13000 	C:\windows\SYSTEM32\dbghelp.dll

VM Arguments:
jvm_args: -Dfile.encoding=UTF-8 
java_command: prepos.Prepos
Launcher Type: SUN_STANDARD

Environment Variables:
CLASSPATH=.;C:\Program Files (x86)\QuickTime\QTSystem\QTJava.zip
PATH=C:\Program Files (x86)\NVIDIA Corporation\PhysX\Common;C:\Program Files (x86)\Intel\iCLS Client\;C:\Program Files\Intel\iCLS Client\;C:\windows\system32;C:\windows;C:\windows\System32\Wbem;C:\windows\System32\WindowsPowerShell\v1.0\;C:\Program Files\Intel\WiFi\bin\;C:\Program Files\Common Files\Intel\WirelessCommon\;C:\Program Files\Intel\Intel(R) Management Engine Components\DAL;C:\Program Files\Intel\Intel(R) Management Engine Components\IPT;C:\Program Files (x86)\Intel\Intel(R) Management Engine Components\DAL;C:\Program Files (x86)\Intel\Intel(R) Management Engine Components\IPT;C:\Program Files (x86)\Intel\OpenCL SDK\2.0\bin\x86;C:\Program Files (x86)\Intel\OpenCL SDK\2.0\bin\x64;C:\Program Files (x86)\Windows Live\Shared;C:\Program Files\Condusiv Technologies\IntelliMemory\;C:\Users\Cristian\AppData\Local\Smartbar\Application\;C:\Program Files\Microsoft\Web Platform Installer\;C:\Program Files (x86)\Microsoft ASP.NET\ASP.NET Web Pages\v1.0\;C:\Program Files (x86)\Windows Kits\8.0\Windows Performance Toolkit\;C:\Program Files\Microsoft SQL Server\110\Tools\Binn\;C:\Program Files (x86)\QuickTime\QTSystem\;.;
USERNAME=Cristian
OS=Windows_NT
PROCESSOR_IDENTIFIER=Intel64 Family 6 Model 58 Stepping 9, GenuineIntel



---------------  S Y S T E M  ---------------

OS: Windows 8 , 64 bit Build 9200 

CPU:total 8 (4 cores per cpu, 2 threads per core) family 6 model 58 stepping 9, cmov, cx8, fxsr, mmx, sse, sse2, sse3, ssse3, sse4.1, sse4.2, popcnt, avx, ht, tsc, tscinvbit, tscinv

Memory: 4k page, physical 8273368k(4884104k free), swap 33439196k(28344024k free)

vm_info: Java HotSpot(TM) 64-Bit Server VM (23.21-b01) for windows-amd64 JRE (1.7.0_21-b11), built on Apr  4 2013 08:11:28 by "java_re" with unknown MS VC++:1600

time: Thu Oct 03 09:10:36 2013
elapsed time: 39 seconds

